This file contains any messages produced by compilers while
running configure, to aid debugging if configure makes a mistake.

It was created by configure, which was
generated by GNU Autoconf 2.69.  Invocation command line was

  $ ./configure CXXFLAGS=-O2 --prefix=/home/ste69r

## --------- ##
## Platform. ##
## --------- ##

hostname = borlaug
uname -m = x86_64
uname -r = 3.13.0-32-generic
uname -s = Linux
uname -v = #57-Ubuntu SMP Tue Jul 15 03:51:08 UTC 2014

/usr/bin/uname -p = unknown
/bin/uname -X     = unknown

/bin/arch              = unknown
/usr/bin/arch -k       = unknown
/usr/convex/getsysinfo = unknown
/usr/bin/hostinfo      = unknown
/bin/machine           = unknown
/usr/bin/oslevel       = unknown
/bin/universe          = unknown

PATH: /home/ste69r/bin
PATH: /usr/local/sbin
PATH: /usr/local/bin
PATH: /usr/sbin
PATH: /usr/bin
PATH: /sbin
PATH: /bin
PATH: /usr/games
PATH: /usr/local/games
PATH: /home/ste69r/bin
PATH: /home/ste69r/bin/x86_64


## ----------- ##
## Core tests. ##
## ----------- ##

configure:1929: checking for gcc
configure:1945: found /usr/bin/gcc
configure:1956: result: gcc
configure:2185: checking for C compiler version
configure:2194: gcc --version >&5
gcc (Ubuntu 4.8.2-19ubuntu1) 4.8.2
Copyright (C) 2013 Free Software Foundation, Inc.
This is free software; see the source for copying conditions.  There is NO
warranty; not even for MERCHANTABILITY or FITNESS FOR A PARTICULAR PURPOSE.

configure:2205: $? = 0
configure:2194: gcc -v >&5
Using built-in specs.
COLLECT_GCC=gcc
COLLECT_LTO_WRAPPER=/usr/lib/gcc/x86_64-linux-gnu/4.8/lto-wrapper
Target: x86_64-linux-gnu
Configured with: ../src/configure -v --with-pkgversion='Ubuntu 4.8.2-19ubuntu1' --with-bugurl=file:///usr/share/doc/gcc-4.8/README.Bugs --enable-languages=c,c++,java,go,d,fortran,objc,obj-c++ --prefix=/usr --program-suffix=-4.8 --enable-shared --enable-linker-build-id --libexecdir=/usr/lib --without-included-gettext --enable-threads=posix --with-gxx-include-dir=/usr/include/c++/4.8 --libdir=/usr/lib --enable-nls --with-sysroot=/ --enable-clocale=gnu --enable-libstdcxx-debug --enable-libstdcxx-time=yes --enable-gnu-unique-object --disable-libmudflap --enable-plugin --with-system-zlib --disable-browser-plugin --enable-java-awt=gtk --enable-gtk-cairo --with-java-home=/usr/lib/jvm/java-1.5.0-gcj-4.8-amd64/jre --enable-java-home --with-jvm-root-dir=/usr/lib/jvm/java-1.5.0-gcj-4.8-amd64 --with-jvm-jar-dir=/usr/lib/jvm-exports/java-1.5.0-gcj-4.8-amd64 --with-arch-directory=amd64 --with-ecj-jar=/usr/share/java/eclipse-ecj.jar --enable-objc-gc --enable-multiarch --disable-werror --with-arch-32=i686 --with-abi=m64 --with-multilib-list=m32,m64,mx32 --with-tune=generic --enable-checking=release --build=x86_64-linux-gnu --host=x86_64-linux-gnu --target=x86_64-linux-gnu
Thread model: posix
gcc version 4.8.2 (Ubuntu 4.8.2-19ubuntu1) 
configure:2205: $? = 0
configure:2194: gcc -V >&5
gcc: error: unrecognized command line option '-V'
gcc: fatal error: no input files
compilation terminated.
configure:2205: $? = 4
configure:2194: gcc -qversion >&5
gcc: error: unrecognized command line option '-qversion'
gcc: fatal error: no input files
compilation terminated.
configure:2205: $? = 4
configure:2225: checking whether the C compiler works
configure:2247: gcc    conftest.c  >&5
configure:2251: $? = 0
configure:2299: result: yes
configure:2302: checking for C compiler default output file name
configure:2304: result: a.out
configure:2310: checking for suffix of executables
configure:2317: gcc -o conftest    conftest.c  >&5
configure:2321: $? = 0
configure:2343: result: 
configure:2365: checking whether we are cross compiling
configure:2373: gcc -o conftest    conftest.c  >&5
configure:2377: $? = 0
configure:2384: ./conftest
configure:2388: $? = 0
configure:2403: result: no
configure:2408: checking for suffix of object files
configure:2430: gcc -c   conftest.c >&5
configure:2434: $? = 0
configure:2455: result: o
configure:2459: checking whether we are using the GNU C compiler
configure:2478: gcc -c   conftest.c >&5
configure:2478: $? = 0
configure:2487: result: yes
configure:2496: checking whether gcc accepts -g
configure:2516: gcc -c -g  conftest.c >&5
configure:2516: $? = 0
configure:2557: result: yes
configure:2574: checking for gcc option to accept ISO C89
configure:2637: gcc  -c -g -O2  conftest.c >&5
configure:2637: $? = 0
configure:2650: result: none needed
configure:2675: checking whether gcc understands -c and -o together
configure:2697: gcc -c conftest.c -o conftest2.o
configure:2700: $? = 0
configure:2697: gcc -c conftest.c -o conftest2.o
configure:2700: $? = 0
configure:2712: result: yes
configure:2730: checking for main in -lgslcblas
configure:2749: gcc -o conftest -g -O2   conftest.c -lgslcblas   >&5
configure:2749: $? = 0
configure:2758: result: yes
configure:2769: checking for main in -lgsl
configure:2788: gcc -o conftest -g -O2   conftest.c -lgsl  -lgslcblas  >&5
configure:2788: $? = 0
configure:2797: result: yes
configure:2808: checking for main in -lpthread
configure:2827: gcc -o conftest -g -O2   conftest.c -lpthread  -lgsl -lgslcblas  >&5
configure:2827: $? = 0
configure:2836: result: yes
configure:2847: checking for main in -ldl
configure:2866: gcc -o conftest -g -O2   conftest.c -ldl  -lpthread -lgsl -lgslcblas  >&5
configure:2866: $? = 0
configure:2875: result: yes
configure:2886: checking for main in -lrt
configure:2905: gcc -o conftest -g -O2   conftest.c -lrt  -ldl -lpthread -lgsl -lgslcblas  >&5
configure:2905: $? = 0
configure:2914: result: yes
configure:2972: checking for a BSD-compatible install
configure:3040: result: /usr/bin/install -c
configure:3051: checking whether build environment is sane
configure:3106: result: yes
configure:3141: WARNING: 'missing' script is too old or missing
configure:3254: checking for a thread-safe mkdir -p
configure:3293: result: /bin/mkdir -p
configure:3300: checking for gawk
configure:3330: result: no
configure:3300: checking for mawk
configure:3316: found /usr/bin/mawk
configure:3327: result: mawk
configure:3338: checking whether make sets $(MAKE)
configure:3360: result: yes
configure:3390: checking for style of include used by make
configure:3418: result: GNU
configure:3452: checking whether make supports nested variables
configure:3469: result: yes
configure:3555: checking dependency style of gcc
configure:3666: result: gcc3
configure:3766: checking for ranlib
configure:3782: found /usr/bin/ranlib
configure:3793: result: ranlib
configure:3865: checking for gcc
configure:3892: result: gcc
configure:4121: checking for C compiler version
configure:4130: gcc --version >&5
gcc (Ubuntu 4.8.2-19ubuntu1) 4.8.2
Copyright (C) 2013 Free Software Foundation, Inc.
This is free software; see the source for copying conditions.  There is NO
warranty; not even for MERCHANTABILITY or FITNESS FOR A PARTICULAR PURPOSE.

configure:4141: $? = 0
configure:4130: gcc -v >&5
Using built-in specs.
COLLECT_GCC=gcc
COLLECT_LTO_WRAPPER=/usr/lib/gcc/x86_64-linux-gnu/4.8/lto-wrapper
Target: x86_64-linux-gnu
Configured with: ../src/configure -v --with-pkgversion='Ubuntu 4.8.2-19ubuntu1' --with-bugurl=file:///usr/share/doc/gcc-4.8/README.Bugs --enable-languages=c,c++,java,go,d,fortran,objc,obj-c++ --prefix=/usr --program-suffix=-4.8 --enable-shared --enable-linker-build-id --libexecdir=/usr/lib --without-included-gettext --enable-threads=posix --with-gxx-include-dir=/usr/include/c++/4.8 --libdir=/usr/lib --enable-nls --with-sysroot=/ --enable-clocale=gnu --enable-libstdcxx-debug --enable-libstdcxx-time=yes --enable-gnu-unique-object --disable-libmudflap --enable-plugin --with-system-zlib --disable-browser-plugin --enable-java-awt=gtk --enable-gtk-cairo --with-java-home=/usr/lib/jvm/java-1.5.0-gcj-4.8-amd64/jre --enable-java-home --with-jvm-root-dir=/usr/lib/jvm/java-1.5.0-gcj-4.8-amd64 --with-jvm-jar-dir=/usr/lib/jvm-exports/java-1.5.0-gcj-4.8-amd64 --with-arch-directory=amd64 --with-ecj-jar=/usr/share/java/eclipse-ecj.jar --enable-objc-gc --enable-multiarch --disable-werror --with-arch-32=i686 --with-abi=m64 --with-multilib-list=m32,m64,mx32 --with-tune=generic --enable-checking=release --build=x86_64-linux-gnu --host=x86_64-linux-gnu --target=x86_64-linux-gnu
Thread model: posix
gcc version 4.8.2 (Ubuntu 4.8.2-19ubuntu1) 
configure:4141: $? = 0
configure:4130: gcc -V >&5
gcc: error: unrecognized command line option '-V'
gcc: fatal error: no input files
compilation terminated.
configure:4141: $? = 4
configure:4130: gcc -qversion >&5
gcc: error: unrecognized command line option '-qversion'
gcc: fatal error: no input files
compilation terminated.
configure:4141: $? = 4
configure:4145: checking whether we are using the GNU C compiler
configure:4173: result: yes
configure:4182: checking whether gcc accepts -g
configure:4243: result: yes
configure:4260: checking for gcc option to accept ISO C89
configure:4336: result: none needed
configure:4361: checking whether gcc understands -c and -o together
configure:4398: result: yes
configure:4473: checking for g++
configure:4489: found /usr/bin/g++
configure:4500: result: g++
configure:4527: checking for C++ compiler version
configure:4536: g++ --version >&5
g++ (Ubuntu 4.8.2-19ubuntu1) 4.8.2
Copyright (C) 2013 Free Software Foundation, Inc.
This is free software; see the source for copying conditions.  There is NO
warranty; not even for MERCHANTABILITY or FITNESS FOR A PARTICULAR PURPOSE.

configure:4547: $? = 0
configure:4536: g++ -v >&5
Using built-in specs.
COLLECT_GCC=g++
COLLECT_LTO_WRAPPER=/usr/lib/gcc/x86_64-linux-gnu/4.8/lto-wrapper
Target: x86_64-linux-gnu
Configured with: ../src/configure -v --with-pkgversion='Ubuntu 4.8.2-19ubuntu1' --with-bugurl=file:///usr/share/doc/gcc-4.8/README.Bugs --enable-languages=c,c++,java,go,d,fortran,objc,obj-c++ --prefix=/usr --program-suffix=-4.8 --enable-shared --enable-linker-build-id --libexecdir=/usr/lib --without-included-gettext --enable-threads=posix --with-gxx-include-dir=/usr/include/c++/4.8 --libdir=/usr/lib --enable-nls --with-sysroot=/ --enable-clocale=gnu --enable-libstdcxx-debug --enable-libstdcxx-time=yes --enable-gnu-unique-object --disable-libmudflap --enable-plugin --with-system-zlib --disable-browser-plugin --enable-java-awt=gtk --enable-gtk-cairo --with-java-home=/usr/lib/jvm/java-1.5.0-gcj-4.8-amd64/jre --enable-java-home --with-jvm-root-dir=/usr/lib/jvm/java-1.5.0-gcj-4.8-amd64 --with-jvm-jar-dir=/usr/lib/jvm-exports/java-1.5.0-gcj-4.8-amd64 --with-arch-directory=amd64 --with-ecj-jar=/usr/share/java/eclipse-ecj.jar --enable-objc-gc --enable-multiarch --disable-werror --with-arch-32=i686 --with-abi=m64 --with-multilib-list=m32,m64,mx32 --with-tune=generic --enable-checking=release --build=x86_64-linux-gnu --host=x86_64-linux-gnu --target=x86_64-linux-gnu
Thread model: posix
gcc version 4.8.2 (Ubuntu 4.8.2-19ubuntu1) 
configure:4547: $? = 0
configure:4536: g++ -V >&5
g++: error: unrecognized command line option '-V'
g++: fatal error: no input files
compilation terminated.
configure:4547: $? = 4
configure:4536: g++ -qversion >&5
g++: error: unrecognized command line option '-qversion'
g++: fatal error: no input files
compilation terminated.
configure:4547: $? = 4
configure:4551: checking whether we are using the GNU C++ compiler
configure:4570: g++ -c -O2  conftest.cpp >&5
configure:4570: $? = 0
configure:4579: result: yes
configure:4588: checking whether g++ accepts -g
configure:4608: g++ -c -g  conftest.cpp >&5
configure:4608: $? = 0
configure:4649: result: yes
configure:4674: checking dependency style of g++
configure:4785: result: gcc3
configure:4912: checking that generated files are newer than configure
configure:4918: result: done
configure:4945: creating ./config.status

## ---------------------- ##
## Running config.status. ##
## ---------------------- ##

This file was extended by config.status, which was
generated by GNU Autoconf 2.69.  Invocation command line was

  CONFIG_FILES    = 
  CONFIG_HEADERS  = 
  CONFIG_LINKS    = 
  CONFIG_COMMANDS = 
  $ ./config.status 

on borlaug

config.status:940: creating Makefile
config.status:940: creating libbiokanga/Makefile
config.status:940: creating libBKPLPlot/Makefile
config.status:940: creating genhyperconserved/Makefile
config.status:940: creating genbiobed/Makefile
config.status:940: creating genbiomultialign/Makefile
config.status:940: creating splitmultifasta/Makefile
config.status:940: creating genelementseq/Makefile
config.status:940: creating psl2csv/Makefile
config.status:940: creating genhyperdropouts/Makefile
config.status:940: creating FindShortApproxMatches/Makefile
config.status:940: creating locsfx/Makefile
config.status:940: creating csvmerge/Makefile
config.status:940: creating csv2bed/Makefile
config.status:940: creating csv2fasta/Makefile
config.status:940: creating csvfilter/Makefile
config.status:940: creating bed2csv/Makefile
config.status:940: creating FastaToPE/Makefile
config.status:940: creating locseqs/Makefile
config.status:940: creating gensampler/Makefile
config.status:940: creating csv2stats/Makefile
config.status:940: creating fasta2bed/Makefile
config.status:940: creating genloci2gene/Makefile
config.status:940: creating genalignstats/Makefile
config.status:940: creating fasta2dist/Makefile
config.status:940: creating locsw/Makefile
config.status:940: creating quickcount/Makefile
config.status:940: creating csv2feat/Makefile
config.status:940: creating genalignref2relloci/Makefile
config.status:940: creating genalignloci2core/Makefile
config.status:940: creating maploci2features/Makefile
config.status:940: creating processcsvfiles/Makefile
config.status:940: creating genalignconf/Makefile
config.status:940: creating Loci2Phylip/Makefile
config.status:940: creating blast2csv/Makefile
config.status:940: creating genrollups/Makefile
config.status:940: creating gengoterms/Makefile
config.status:940: creating gengoassoc/Makefile
config.status:940: creating goassoc/Makefile
config.status:940: creating genWiggle/Makefile
config.status:940: creating gencentroidmetrics/Makefile
config.status:940: creating proccentroids/Makefile
config.status:940: creating DNAseqSitePotential/Makefile
config.status:940: creating SimulateMNase/Makefile
config.status:940: creating filterreads/Makefile
config.status:940: creating prednucleosomes/Makefile
config.status:940: creating RNAseqSitePotential/Makefile
config.status:940: creating genDESeq/Makefile
config.status:940: creating fasta2struct/Makefile
config.status:940: creating kangarg/Makefile
config.status:940: creating genultras/Makefile
config.status:940: creating LocateROI/Makefile
config.status:940: creating genstructprofile/Makefile
config.status:940: creating predconfnucs/Makefile
config.status:940: creating gennucstats/Makefile
config.status:940: creating fastafilter/Makefile
config.status:940: creating BEDMerge/Makefile
config.status:940: creating BEDFilter/Makefile
config.status:940: creating genElementProfiles/Makefile
config.status:940: creating genzygosity/Makefile
config.status:940: creating genGenomeFromAGP/Makefile
config.status:940: creating genmarkers/Makefile
config.status:940: creating HammingDist/Makefile
config.status:940: creating genreadsde/Makefile
config.status:940: creating ufilter/Makefile
config.status:940: creating uhamming/Makefile
config.status:940: creating genseqcandidates/Makefile
config.status:940: creating GFFfilter/Makefile
config.status:940: creating loci2dist/Makefile
config.status:940: creating genNormWiggle/Makefile
config.status:940: creating GTFfilter/Makefile
config.status:940: creating genDiffExpr/Makefile
config.status:940: creating dmpbioseq/Makefile
config.status:940: creating genpseudogenome/Makefile
config.status:940: creating usimdiffexpr/Makefile
config.status:940: creating RNAFragSim/Makefile
config.status:940: creating mergeoverlaps/Makefile
config.status:940: creating kanga/Makefile
config.status:940: creating kangar/Makefile
config.status:940: creating kangasr/Makefile
config.status:940: creating kangahrdx/Makefile
config.status:940: creating kangade/Makefile
config.status:940: creating kangas/Makefile
config.status:940: creating kangapr/Makefile
config.status:940: creating csv2sqlite/Makefile
config.status:940: creating biokanga/Makefile
config.status:940: creating locmarkers/Makefile
config.status:940: creating PEscaffold/Makefile
config.status:940: creating SSRdiscovery/Makefile
config.status:940: creating pacbiokanga/Makefile
config.status:940: creating config.h
config.status:1121: config.h is unchanged
config.status:1169: executing depfiles commands

## ---------------- ##
## Cache variables. ##
## ---------------- ##

ac_cv_c_compiler_gnu=yes
ac_cv_cxx_compiler_gnu=yes
ac_cv_env_CCC_set=
ac_cv_env_CCC_value=
ac_cv_env_CC_set=
ac_cv_env_CC_value=
ac_cv_env_CFLAGS_set=
ac_cv_env_CFLAGS_value=
ac_cv_env_CPPFLAGS_set=
ac_cv_env_CPPFLAGS_value=
ac_cv_env_CXXFLAGS_set=set
ac_cv_env_CXXFLAGS_value=-O2
ac_cv_env_CXX_set=
ac_cv_env_CXX_value=
ac_cv_env_LDFLAGS_set=
ac_cv_env_LDFLAGS_value=
ac_cv_env_LIBS_set=
ac_cv_env_LIBS_value=
ac_cv_env_build_alias_set=
ac_cv_env_build_alias_value=
ac_cv_env_host_alias_set=
ac_cv_env_host_alias_value=
ac_cv_env_target_alias_set=
ac_cv_env_target_alias_value=
ac_cv_lib_dl_main=yes
ac_cv_lib_gsl_main=yes
ac_cv_lib_gslcblas_main=yes
ac_cv_lib_pthread_main=yes
ac_cv_lib_rt_main=yes
ac_cv_objext=o
ac_cv_path_install='/usr/bin/install -c'
ac_cv_path_mkdir=/bin/mkdir
ac_cv_prog_AWK=mawk
ac_cv_prog_ac_ct_CC=gcc
ac_cv_prog_ac_ct_CXX=g++
ac_cv_prog_ac_ct_RANLIB=ranlib
ac_cv_prog_cc_c89=
ac_cv_prog_cc_g=yes
ac_cv_prog_cxx_g=yes
ac_cv_prog_make_make_set=yes
am_cv_CC_dependencies_compiler_type=gcc3
am_cv_CXX_dependencies_compiler_type=gcc3
am_cv_make_support_nested_variables=yes
am_cv_prog_cc_c_o=yes

## ----------------- ##
## Output variables. ##
## ----------------- ##

ACLOCAL='aclocal-1.14'
AMDEPBACKSLASH='\'
AMDEP_FALSE='#'
AMDEP_TRUE=''
AMTAR='$${TAR-tar}'
AM_BACKSLASH='\'
AM_DEFAULT_V='$(AM_DEFAULT_VERBOSITY)'
AM_DEFAULT_VERBOSITY='1'
AM_V='$(V)'
AUTOCONF='autoconf'
AUTOHEADER='autoheader'
AUTOMAKE='automake-1.14'
AWK='mawk'
CC='gcc'
CCDEPMODE='depmode=gcc3'
CFLAGS='-g -O2'
CPPFLAGS=''
CXX='g++'
CXXDEPMODE='depmode=gcc3'
CXXFLAGS='-O2'
CYGPATH_W='echo'
DEFS='-DHAVE_CONFIG_H'
DEPDIR='.deps'
ECHO_C=''
ECHO_N='-n'
ECHO_T=''
EXEEXT=''
INSTALL_DATA='${INSTALL} -m 644'
INSTALL_PROGRAM='${INSTALL}'
INSTALL_SCRIPT='${INSTALL}'
INSTALL_STRIP_PROGRAM='$(install_sh) -c -s'
LDFLAGS=''
LIBOBJS=''
LIBS='-lrt -ldl -lpthread -lgsl -lgslcblas '
LTLIBOBJS=''
MAKEINFO='makeinfo'
MKDIR_P='/bin/mkdir -p'
OBJEXT='o'
PACKAGE='biosolutions'
PACKAGE_BUGREPORT=''
PACKAGE_NAME=''
PACKAGE_STRING=''
PACKAGE_TARNAME=''
PACKAGE_URL=''
PACKAGE_VERSION=''
PATH_SEPARATOR=':'
RANLIB='ranlib'
SET_MAKE=''
SHELL='/bin/bash'
STRIP=''
VERSION='0.1.1'
ac_ct_CC='gcc'
ac_ct_CXX='g++'
am__EXEEXT_FALSE=''
am__EXEEXT_TRUE='#'
am__fastdepCC_FALSE='#'
am__fastdepCC_TRUE=''
am__fastdepCXX_FALSE='#'
am__fastdepCXX_TRUE=''
am__include='include'
am__isrc=''
am__leading_dot='.'
am__nodep='_no'
am__quote=''
am__tar='$${TAR-tar} chof - "$$tardir"'
am__untar='$${TAR-tar} xf -'
bindir='${exec_prefix}/bin'
build_alias=''
datadir='${datarootdir}'
datarootdir='${prefix}/share'
docdir='${datarootdir}/doc/${PACKAGE}'
dvidir='${docdir}'
exec_prefix='${prefix}'
host_alias=''
htmldir='${docdir}'
includedir='${prefix}/include'
infodir='${datarootdir}/info'
install_sh='${SHELL} /home/ste69r/install-sh'
libdir='${exec_prefix}/lib'
libexecdir='${exec_prefix}/libexec'
localedir='${datarootdir}/locale'
localstatedir='${prefix}/var'
mandir='${datarootdir}/man'
mkdir_p='$(MKDIR_P)'
oldincludedir='/usr/include'
pdfdir='${docdir}'
prefix='/home/ste69r'
program_transform_name='s,x,x,'
psdir='${docdir}'
sbindir='${exec_prefix}/sbin'
sharedstatedir='${prefix}/com'
sysconfdir='${prefix}/etc'
target_alias=''

## ----------- ##
## confdefs.h. ##
## ----------- ##

/* confdefs.h */
#define PACKAGE_NAME ""
#define PACKAGE_TARNAME ""
#define PACKAGE_VERSION ""
#define PACKAGE_STRING ""
#define PACKAGE_BUGREPORT ""
#define PACKAGE_URL ""
#define HAVE_LIBGSLCBLAS 1
#define HAVE_LIBGSL 1
#define HAVE_LIBPTHREAD 1
#define HAVE_LIBDL 1
#define HAVE_LIBRT 1
#define PACKAGE "biosolutions"
#define VERSION "0.1.1"

configure: exit 0

## ---------------------- ##
## Running config.status. ##
## ---------------------- ##

This file was extended by config.status, which was
generated by GNU Autoconf 2.69.  Invocation command line was

  CONFIG_FILES    = 
  CONFIG_HEADERS  = 
  CONFIG_LINKS    = 
  CONFIG_COMMANDS = 
  $ ./config.status Makefile

on borlaug

config.status:940: creating Makefile
