c:\buildbiokanga\zlibstatic\release64\zlibstatic.pdb
c:\buildbiokanga\zlibstatic\release64\zutil.obj
c:\buildbiokanga\zlibstatic\release64\uncompr.obj
c:\buildbiokanga\zlibstatic\release64\trees.obj
c:\buildbiokanga\zlibstatic\release64\inftrees.obj
c:\buildbiokanga\zlibstatic\release64\inflate.obj
c:\buildbiokanga\zlibstatic\release64\inffast.obj
c:\buildbiokanga\zlibstatic\release64\infback.obj
c:\buildbiokanga\zlibstatic\release64\gzwrite.obj
c:\buildbiokanga\zlibstatic\release64\gzread.obj
c:\buildbiokanga\zlibstatic\release64\gzlib.obj
c:\buildbiokanga\zlibstatic\release64\gzclose.obj
c:\buildbiokanga\zlibstatic\release64\deflate.obj
c:\buildbiokanga\zlibstatic\release64\crc32.obj
c:\buildbiokanga\zlibstatic\release64\compress.obj
c:\buildbiokanga\zlibstatic\release64\adler32.obj
c:\buildbiokanga\zlibstatic\release64\zlibstat.lib
c:\buildbiokanga\zlibstatic\release64\zlibstatic.tlog\cl.command.1.tlog
c:\buildbiokanga\zlibstatic\release64\zlibstatic.tlog\cl.read.1.tlog
c:\buildbiokanga\zlibstatic\release64\zlibstatic.tlog\cl.write.1.tlog
c:\buildbiokanga\zlibstatic\release64\zlibstatic.tlog\lib-link.read.1.tlog
c:\buildbiokanga\zlibstatic\release64\zlibstatic.tlog\lib-link.write.1.tlog
c:\buildbiokanga\zlibstatic\release64\zlibstatic.tlog\lib.command.1.tlog
